2021-12-25 23:17:06,470 INFO o.s.b.StartupInfoLogger [main] Starting Application on dev-ConceptD with PID 22509 (/home/dev/Projects/electronicbox/target/classes started by dev in /home/dev/Projects/electronicbox)
2021-12-25 23:17:06,505 INFO o.s.b.SpringApplication [main] No active profile set, falling back to default profiles: default
2021-12-25 23:17:07,169 INFO o.s.b.w.e.t.TomcatWebServer [main] Tomcat initialized with port(s): 8000 (http)
2021-12-25 23:17:07,177 INFO o.a.j.l.DirectJDKLog [main] Initializing ProtocolHandler ["http-nio-8000"]
2021-12-25 23:17:07,183 INFO o.a.j.l.DirectJDKLog [main] Starting service [Tomcat]
2021-12-25 23:17:07,183 INFO o.a.j.l.DirectJDKLog [main] Starting Servlet engine: [Apache Tomcat/9.0.19]
2021-12-25 23:17:07,229 INFO o.a.j.l.DirectJDKLog [main] Initializing Spring embedded WebApplicationContext
2021-12-25 23:17:07,229 INFO o.s.b.w.s.c.ServletWebServerApplicationContext [main] Root WebApplicationContext: initialization completed in 697 ms
2021-12-25 23:17:07,483 INFO o.s.s.c.ExecutorConfigurationSupport [main] Initializing ExecutorService 'clientInboundChannelExecutor'
2021-12-25 23:17:07,486 INFO o.s.s.c.ExecutorConfigurationSupport [main] Initializing ExecutorService 'clientOutboundChannelExecutor'
2021-12-25 23:17:07,509 INFO o.s.s.c.ExecutorConfigurationSupport [main] Initializing ExecutorService 'messageBrokerTaskScheduler'
2021-12-25 23:17:07,526 INFO o.s.s.c.ExecutorConfigurationSupport [main] Initializing ExecutorService 'brokerChannelExecutor'
2021-12-25 23:17:07,655 INFO o.s.b.a.w.s.WelcomePageHandlerMapping [main] Adding welcome page: class path resource [public/index.html]
2021-12-25 23:17:07,734 INFO o.s.c.l.CompositeLog [main] Starting...
2021-12-25 23:17:07,735 INFO o.s.c.l.CompositeLog [main] BrokerAvailabilityEvent[available=true, SimpleBrokerMessageHandler [DefaultSubscriptionRegistry[cache[0 destination(s)], registry[0 sessions]]]]
2021-12-25 23:17:07,735 INFO o.s.c.l.CompositeLog [main] Started.
2021-12-25 23:17:07,740 INFO o.a.j.l.DirectJDKLog [main] Starting ProtocolHandler ["http-nio-8000"]
2021-12-25 23:17:07,749 INFO o.s.b.w.e.t.TomcatWebServer [main] Tomcat started on port(s): 8000 (http) with context path ''
2021-12-25 23:17:07,751 INFO o.s.b.StartupInfoLogger [main] Started Application in 1.536 seconds (JVM running for 2.03)
2021-12-25 23:17:16,210 INFO o.a.j.l.DirectJDKLog [http-nio-8000-exec-1] A cookie header was received [1637981616,1640012060,1640439112; Hm_lvt_e8002ef3d9e0d8274b5b74cc4a027d08=1637981554,1637981616,1640012060,1640439112; Hm_lpvt_e8002ef3d9e0d8274b5b74cc4a027d08=1640445262; Hm_lpvt_b97569d26a525941d8d163729d284198=1640445262; SECKEY_ABVK=HrtG2XJ8nx75VYDM0q4Z9jM/3EVOpLIOA2K8L4/Ikns%3D; BMAP_SECKEY=b031e173eacfb0983c4d732e74b49023926cdb70569e739e6407c23d7b8a2edd9f645efb0bb462e579fb55f396a1001eee61331c18cd0438dcc2c312ad1c94e557e1d6dc0379624df5ea458a5c2c11ee168d0a5bb18d7b31f73f7e7999ddfc7af6552e8b22ccc57e9da6d80ccfbd0eb2ae412a77d24dee883820f7a210fe4f78179082febe042ed97e470cccba22aa78da946396bf1db96daae6c3f31a369d5636be5d22ebf58c17c1bfa95ee74eb9a02fd9c73a268a355550a9b7fdd531224231d403c9a7ce3facfd43b21d77d69bd4ba5928d02437816626f91ebb30c80141] that contained an invalid cookie. That cookie will be ignored.
 Note: further occurrences of this error will be logged at DEBUG level.
2021-12-25 23:17:16,215 INFO o.a.j.l.DirectJDKLog [http-nio-8000-exec-5] Initializing Spring DispatcherServlet 'dispatcherServlet'
2021-12-25 23:17:16,215 INFO o.s.w.s.FrameworkServlet [http-nio-8000-exec-5] Initializing Servlet 'dispatcherServlet'
2021-12-25 23:17:16,220 INFO o.s.w.s.FrameworkServlet [http-nio-8000-exec-5] Completed initialization in 5 ms
2021-12-25 23:17:16,292 WARN o.s.w.s.h.AbstractHandlerExceptionResolver [http-nio-8000-exec-5] Resolved [org.springframework.http.converter.HttpMessageNotReadableException: JSON parse error: Cannot deserialize instance of `java.lang.String` out of START_OBJECT token; nested exception is com.fasterxml.jackson.databind.exc.MismatchedInputException: Cannot deserialize instance of `java.lang.String` out of START_OBJECT token
 at [Source: (PushbackInputStream); line: 1, column: 13] (through reference chain: org.kevin.domain.reqres.web.HistoryRequest["deviceId"])]
2021-12-25 23:17:16,292 WARN o.s.w.s.h.AbstractHandlerExceptionResolver [http-nio-8000-exec-2] Resolved [org.springframework.http.converter.HttpMessageNotReadableException: JSON parse error: Cannot deserialize instance of `java.lang.String` out of START_OBJECT token; nested exception is com.fasterxml.jackson.databind.exc.MismatchedInputException: Cannot deserialize instance of `java.lang.String` out of START_OBJECT token
 at [Source: (PushbackInputStream); line: 1, column: 13] (through reference chain: org.kevin.domain.reqres.web.HistoryRequest["deviceId"])]
2021-12-25 23:17:16,292 WARN o.s.w.s.h.AbstractHandlerExceptionResolver [http-nio-8000-exec-1] Resolved [org.springframework.http.converter.HttpMessageNotReadableException: JSON parse error: Cannot deserialize instance of `java.lang.String` out of START_OBJECT token; nested exception is com.fasterxml.jackson.databind.exc.MismatchedInputException: Cannot deserialize instance of `java.lang.String` out of START_OBJECT token
 at [Source: (PushbackInputStream); line: 1, column: 13] (through reference chain: org.kevin.domain.reqres.web.HistoryRequest["deviceId"])]
2021-12-25 23:17:16,292 WARN o.s.w.s.h.AbstractHandlerExceptionResolver [http-nio-8000-exec-3] Resolved [org.springframework.http.converter.HttpMessageNotReadableException: JSON parse error: Cannot deserialize instance of `java.lang.String` out of START_OBJECT token; nested exception is com.fasterxml.jackson.databind.exc.MismatchedInputException: Cannot deserialize instance of `java.lang.String` out of START_OBJECT token
 at [Source: (PushbackInputStream); line: 1, column: 13] (through reference chain: org.kevin.domain.reqres.web.HistoryRequest["deviceId"])]
2021-12-25 23:17:16,292 WARN o.s.w.s.h.AbstractHandlerExceptionResolver [http-nio-8000-exec-4] Resolved [org.springframework.http.converter.HttpMessageNotReadableException: JSON parse error: Cannot deserialize instance of `java.lang.String` out of START_OBJECT token; nested exception is com.fasterxml.jackson.databind.exc.MismatchedInputException: Cannot deserialize instance of `java.lang.String` out of START_OBJECT token
 at [Source: (PushbackInputStream); line: 1, column: 13] (through reference chain: org.kevin.domain.reqres.web.HistoryRequest["deviceId"])]
2021-12-25 23:17:24,486 INFO c.z.h.HikariDataSource [http-nio-8000-exec-2] HikariPool-1 - Starting...
2021-12-25 23:17:24,691 INFO c.z.h.HikariDataSource [http-nio-8000-exec-2] HikariPool-1 - Start completed.
2021-12-25 23:17:24,717 INFO o.k.w.LoginController [http-nio-8000-exec-2] API:loginVerify,username:admin,password:admin
2021-12-25 23:17:25,843 INFO o.k.w.MaintainController [http-nio-8000-exec-3] API:mcuStatics/
2021-12-25 23:17:26,899 INFO o.k.w.MaintainController [http-nio-8000-exec-5] API:mcuStatics/
2021-12-25 23:17:27,270 WARN o.s.w.s.h.AbstractHandlerExceptionResolver [http-nio-8000-exec-6] Resolved [org.springframework.http.converter.HttpMessageNotReadableException: JSON parse error: Cannot deserialize instance of `java.lang.String` out of START_OBJECT token; nested exception is com.fasterxml.jackson.databind.exc.MismatchedInputException: Cannot deserialize instance of `java.lang.String` out of START_OBJECT token
 at [Source: (PushbackInputStream); line: 1, column: 13] (through reference chain: org.kevin.domain.reqres.web.HistoryRequest["deviceId"])]
2021-12-25 23:17:34,135 WARN o.s.w.s.h.AbstractHandlerExceptionResolver [http-nio-8000-exec-7] Resolved [org.springframework.http.converter.HttpMessageNotReadableException: JSON parse error: Cannot deserialize instance of `java.lang.String` out of START_OBJECT token; nested exception is com.fasterxml.jackson.databind.exc.MismatchedInputException: Cannot deserialize instance of `java.lang.String` out of START_OBJECT token
 at [Source: (PushbackInputStream); line: 1, column: 13] (through reference chain: org.kevin.domain.reqres.web.HistoryRequest["deviceId"])]
2021-12-25 23:17:34,135 WARN o.s.w.s.h.AbstractHandlerExceptionResolver [http-nio-8000-exec-9] Resolved [org.springframework.http.converter.HttpMessageNotReadableException: JSON parse error: Cannot deserialize instance of `java.lang.String` out of START_OBJECT token; nested exception is com.fasterxml.jackson.databind.exc.MismatchedInputException: Cannot deserialize instance of `java.lang.String` out of START_OBJECT token
 at [Source: (PushbackInputStream); line: 1, column: 13] (through reference chain: org.kevin.domain.reqres.web.HistoryRequest["deviceId"])]
2021-12-25 23:17:34,135 WARN o.s.w.s.h.AbstractHandlerExceptionResolver [http-nio-8000-exec-8] Resolved [org.springframework.http.converter.HttpMessageNotReadableException: JSON parse error: Cannot deserialize instance of `java.lang.String` out of START_OBJECT token; nested exception is com.fasterxml.jackson.databind.exc.MismatchedInputException: Cannot deserialize instance of `java.lang.String` out of START_OBJECT token
 at [Source: (PushbackInputStream); line: 1, column: 13] (through reference chain: org.kevin.domain.reqres.web.HistoryRequest["deviceId"])]
2021-12-25 23:17:34,136 WARN o.s.w.s.h.AbstractHandlerExceptionResolver [http-nio-8000-exec-10] Resolved [org.springframework.http.converter.HttpMessageNotReadableException: JSON parse error: Cannot deserialize instance of `java.lang.String` out of START_OBJECT token; nested exception is com.fasterxml.jackson.databind.exc.MismatchedInputException: Cannot deserialize instance of `java.lang.String` out of START_OBJECT token
 at [Source: (PushbackInputStream); line: 1, column: 13] (through reference chain: org.kevin.domain.reqres.web.HistoryRequest["deviceId"])]
2021-12-25 23:17:34,135 INFO o.k.w.HistoryController [http-nio-8000-exec-1] API:mcuHistory
2021-12-25 23:18:08,052 INFO o.s.w.s.c.WebSocketMessageBrokerStats [MessageBroker-1] WebSocketSession[0 current WS(0)-HttpStream(0)-HttpPoll(0), 0 total, 0 closed abnormally (0 connect failure, 0 send limit, 0 transport error)], stompSubProtocol[processed CONNECT(0)-CONNECTED(0)-DISCONNECT(0)], stompBrokerRelay[null], inboundChannel[pool size = 0, active threads = 0, queued tasks = 0, completed tasks = 0], outboundChannel[pool size = 0, active threads = 0, queued tasks = 0, completed tasks = 0], sockJsScheduler[pool size = 1, active threads = 1, queued tasks = 0, completed tasks = 0]
2021-12-25 23:18:08,061 WARN o.s.w.s.h.AbstractHandlerExceptionResolver [http-nio-8000-exec-3] Resolved [org.springframework.http.converter.HttpMessageNotReadableException: JSON parse error: Cannot deserialize instance of `java.lang.String` out of START_OBJECT token; nested exception is com.fasterxml.jackson.databind.exc.MismatchedInputException: Cannot deserialize instance of `java.lang.String` out of START_OBJECT token
 at [Source: (PushbackInputStream); line: 1, column: 13] (through reference chain: org.kevin.domain.reqres.web.HistoryRequest["deviceId"])]
2021-12-25 23:18:08,061 WARN o.s.w.s.h.AbstractHandlerExceptionResolver [http-nio-8000-exec-2] Resolved [org.springframework.http.converter.HttpMessageNotReadableException: JSON parse error: Cannot deserialize instance of `java.lang.String` out of START_OBJECT token; nested exception is com.fasterxml.jackson.databind.exc.MismatchedInputException: Cannot deserialize instance of `java.lang.String` out of START_OBJECT token
 at [Source: (PushbackInputStream); line: 1, column: 13] (through reference chain: org.kevin.domain.reqres.web.HistoryRequest["deviceId"])]
2021-12-25 23:18:08,061 WARN o.s.w.s.h.AbstractHandlerExceptionResolver [http-nio-8000-exec-5] Resolved [org.springframework.http.converter.HttpMessageNotReadableException: JSON parse error: Cannot deserialize instance of `java.lang.String` out of START_OBJECT token; nested exception is com.fasterxml.jackson.databind.exc.MismatchedInputException: Cannot deserialize instance of `java.lang.String` out of START_OBJECT token
 at [Source: (PushbackInputStream); line: 1, column: 13] (through reference chain: org.kevin.domain.reqres.web.HistoryRequest["deviceId"])]
2021-12-25 23:18:08,061 WARN o.s.w.s.h.AbstractHandlerExceptionResolver [http-nio-8000-exec-4] Resolved [org.springframework.http.converter.HttpMessageNotReadableException: JSON parse error: Cannot deserialize instance of `java.lang.String` out of START_OBJECT token; nested exception is com.fasterxml.jackson.databind.exc.MismatchedInputException: Cannot deserialize instance of `java.lang.String` out of START_OBJECT token
 at [Source: (PushbackInputStream); line: 1, column: 13] (through reference chain: org.kevin.domain.reqres.web.HistoryRequest["deviceId"])]
2021-12-25 23:18:08,063 WARN o.s.w.s.h.AbstractHandlerExceptionResolver [http-nio-8000-exec-6] Resolved [org.springframework.http.converter.HttpMessageNotReadableException: JSON parse error: Cannot deserialize instance of `java.lang.String` out of START_OBJECT token; nested exception is com.fasterxml.jackson.databind.exc.MismatchedInputException: Cannot deserialize instance of `java.lang.String` out of START_OBJECT token
 at [Source: (PushbackInputStream); line: 1, column: 13] (through reference chain: org.kevin.domain.reqres.web.HistoryRequest["deviceId"])]
2021-12-25 23:18:08,067 WARN o.s.w.s.h.AbstractHandlerExceptionResolver [http-nio-8000-exec-7] Resolved [org.springframework.http.converter.HttpMessageNotReadableException: JSON parse error: Cannot deserialize instance of `java.lang.String` out of START_OBJECT token; nested exception is com.fasterxml.jackson.databind.exc.MismatchedInputException: Cannot deserialize instance of `java.lang.String` out of START_OBJECT token
 at [Source: (PushbackInputStream); line: 1, column: 13] (through reference chain: org.kevin.domain.reqres.web.HistoryRequest["deviceId"])]
2021-12-25 23:18:08,083 WARN o.s.w.s.h.AbstractHandlerExceptionResolver [http-nio-8000-exec-9] Resolved [org.springframework.http.converter.HttpMessageNotReadableException: JSON parse error: Cannot deserialize instance of `java.lang.String` out of START_OBJECT token; nested exception is com.fasterxml.jackson.databind.exc.MismatchedInputException: Cannot deserialize instance of `java.lang.String` out of START_OBJECT token
 at [Source: (PushbackInputStream); line: 1, column: 13] (through reference chain: org.kevin.domain.reqres.web.HistoryRequest["deviceId"])]
2021-12-25 23:18:08,083 WARN o.s.w.s.h.AbstractHandlerExceptionResolver [http-nio-8000-exec-10] Resolved [org.springframework.http.converter.HttpMessageNotReadableException: JSON parse error: Cannot deserialize instance of `java.lang.String` out of START_OBJECT token; nested exception is com.fasterxml.jackson.databind.exc.MismatchedInputException: Cannot deserialize instance of `java.lang.String` out of START_OBJECT token
 at [Source: (PushbackInputStream); line: 1, column: 13] (through reference chain: org.kevin.domain.reqres.web.HistoryRequest["deviceId"])]
2021-12-25 23:18:08,083 WARN o.s.w.s.h.AbstractHandlerExceptionResolver [http-nio-8000-exec-8] Resolved [org.springframework.http.converter.HttpMessageNotReadableException: JSON parse error: Cannot deserialize instance of `java.lang.String` out of START_OBJECT token; nested exception is com.fasterxml.jackson.databind.exc.MismatchedInputException: Cannot deserialize instance of `java.lang.String` out of START_OBJECT token
 at [Source: (PushbackInputStream); line: 1, column: 13] (through reference chain: org.kevin.domain.reqres.web.HistoryRequest["deviceId"])]
2021-12-25 23:18:08,084 WARN o.s.w.s.h.AbstractHandlerExceptionResolver [http-nio-8000-exec-2] Resolved [org.springframework.http.converter.HttpMessageNotReadableException: JSON parse error: Cannot deserialize instance of `java.lang.String` out of START_OBJECT token; nested exception is com.fasterxml.jackson.databind.exc.MismatchedInputException: Cannot deserialize instance of `java.lang.String` out of START_OBJECT token
 at [Source: (PushbackInputStream); line: 1, column: 13] (through reference chain: org.kevin.domain.reqres.web.HistoryRequest["deviceId"])]
2021-12-25 23:18:08,084 WARN o.s.w.s.h.AbstractHandlerExceptionResolver [http-nio-8000-exec-4] Resolved [org.springframework.http.converter.HttpMessageNotReadableException: JSON parse error: Cannot deserialize instance of `java.lang.String` out of START_OBJECT token; nested exception is com.fasterxml.jackson.databind.exc.MismatchedInputException: Cannot deserialize instance of `java.lang.String` out of START_OBJECT token
 at [Source: (PushbackInputStream); line: 1, column: 13] (through reference chain: org.kevin.domain.reqres.web.HistoryRequest["deviceId"])]
2021-12-25 23:18:08,095 WARN o.s.w.s.h.AbstractHandlerExceptionResolver [http-nio-8000-exec-5] Resolved [org.springframework.http.converter.HttpMessageNotReadableException: JSON parse error: Cannot deserialize instance of `java.lang.String` out of START_OBJECT token; nested exception is com.fasterxml.jackson.databind.exc.MismatchedInputException: Cannot deserialize instance of `java.lang.String` out of START_OBJECT token
 at [Source: (PushbackInputStream); line: 1, column: 13] (through reference chain: org.kevin.domain.reqres.web.HistoryRequest["deviceId"])]
2021-12-25 23:18:08,095 WARN o.s.w.s.h.AbstractHandlerExceptionResolver [http-nio-8000-exec-7] Resolved [org.springframework.http.converter.HttpMessageNotReadableException: JSON parse error: Cannot deserialize instance of `java.lang.String` out of START_OBJECT token; nested exception is com.fasterxml.jackson.databind.exc.MismatchedInputException: Cannot deserialize instance of `java.lang.String` out of START_OBJECT token
 at [Source: (PushbackInputStream); line: 1, column: 13] (through reference chain: org.kevin.domain.reqres.web.HistoryRequest["deviceId"])]
2021-12-25 23:18:08,095 WARN o.s.w.s.h.AbstractHandlerExceptionResolver [http-nio-8000-exec-3] Resolved [org.springframework.http.converter.HttpMessageNotReadableException: JSON parse error: Cannot deserialize instance of `java.lang.String` out of START_OBJECT token; nested exception is com.fasterxml.jackson.databind.exc.MismatchedInputException: Cannot deserialize instance of `java.lang.String` out of START_OBJECT token
 at [Source: (PushbackInputStream); line: 1, column: 13] (through reference chain: org.kevin.domain.reqres.web.HistoryRequest["deviceId"])]
2021-12-25 23:18:08,095 WARN o.s.w.s.h.AbstractHandlerExceptionResolver [http-nio-8000-exec-6] Resolved [org.springframework.http.converter.HttpMessageNotReadableException: JSON parse error: Cannot deserialize instance of `java.lang.String` out of START_OBJECT token; nested exception is com.fasterxml.jackson.databind.exc.MismatchedInputException: Cannot deserialize instance of `java.lang.String` out of START_OBJECT token
 at [Source: (PushbackInputStream); line: 1, column: 13] (through reference chain: org.kevin.domain.reqres.web.HistoryRequest["deviceId"])]
2021-12-25 23:18:08,098 WARN o.s.w.s.h.AbstractHandlerExceptionResolver [http-nio-8000-exec-8] Resolved [org.springframework.http.converter.HttpMessageNotReadableException: JSON parse error: Cannot deserialize instance of `java.lang.String` out of START_OBJECT token; nested exception is com.fasterxml.jackson.databind.exc.MismatchedInputException: Cannot deserialize instance of `java.lang.String` out of START_OBJECT token
 at [Source: (PushbackInputStream); line: 1, column: 13] (through reference chain: org.kevin.domain.reqres.web.HistoryRequest["deviceId"])]
2021-12-25 23:18:08,102 WARN o.s.w.s.h.AbstractHandlerExceptionResolver [http-nio-8000-exec-9] Resolved [org.springframework.http.converter.HttpMessageNotReadableException: JSON parse error: Cannot deserialize instance of `java.lang.String` out of START_OBJECT token; nested exception is com.fasterxml.jackson.databind.exc.MismatchedInputException: Cannot deserialize instance of `java.lang.String` out of START_OBJECT token
 at [Source: (PushbackInputStream); line: 1, column: 13] (through reference chain: org.kevin.domain.reqres.web.HistoryRequest["deviceId"])]
2021-12-25 23:18:08,102 WARN o.s.w.s.h.AbstractHandlerExceptionResolver [http-nio-8000-exec-4] Resolved [org.springframework.http.converter.HttpMessageNotReadableException: JSON parse error: Cannot deserialize instance of `java.lang.String` out of START_OBJECT token; nested exception is com.fasterxml.jackson.databind.exc.MismatchedInputException: Cannot deserialize instance of `java.lang.String` out of START_OBJECT token
 at [Source: (PushbackInputStream); line: 1, column: 13] (through reference chain: org.kevin.domain.reqres.web.HistoryRequest["deviceId"])]
2021-12-25 23:18:08,103 WARN o.s.w.s.h.AbstractHandlerExceptionResolver [http-nio-8000-exec-2] Resolved [org.springframework.http.converter.HttpMessageNotReadableException: JSON parse error: Cannot deserialize instance of `java.lang.String` out of START_OBJECT token; nested exception is com.fasterxml.jackson.databind.exc.MismatchedInputException: Cannot deserialize instance of `java.lang.String` out of START_OBJECT token
 at [Source: (PushbackInputStream); line: 1, column: 13] (through reference chain: org.kevin.domain.reqres.web.HistoryRequest["deviceId"])]
2021-12-25 23:18:08,106 INFO o.s.c.l.CompositeLog [Thread-5] Stopping...
2021-12-25 23:18:08,107 INFO o.s.c.l.CompositeLog [Thread-5] BrokerAvailabilityEvent[available=false, SimpleBrokerMessageHandler [DefaultSubscriptionRegistry[cache[0 destination(s)], registry[0 sessions]]]]
2021-12-25 23:18:08,107 INFO o.s.c.l.CompositeLog [Thread-5] Stopped.
2021-12-25 23:18:08,108 INFO o.s.s.c.ExecutorConfigurationSupport [Thread-5] Shutting down ExecutorService 'brokerChannelExecutor'
2021-12-25 23:18:08,109 INFO o.s.s.c.ExecutorConfigurationSupport [Thread-5] Shutting down ExecutorService 'messageBrokerTaskScheduler'
2021-12-25 23:18:08,110 INFO o.s.s.c.ExecutorConfigurationSupport [Thread-5] Shutting down ExecutorService 'clientOutboundChannelExecutor'
2021-12-25 23:18:08,110 INFO o.s.s.c.ExecutorConfigurationSupport [Thread-5] Shutting down ExecutorService 'clientInboundChannelExecutor'
2021-12-25 23:18:08,111 INFO c.z.h.HikariDataSource [Thread-5] HikariPool-1 - Shutdown initiated...
2021-12-25 23:18:08,130 INFO c.z.h.HikariDataSource [Thread-5] HikariPool-1 - Shutdown completed.
